prd-image-repo
905418451605.dkr.ecr.ap-southeast-1.amazonaws.com/sph/

prd-deploy: 2024-12-12
============================================
magnolia-author-frontend:1.0.34.20241209  +
magnolia-public-frontend:1.0.99.20241210  +
sph-mobile:1.0.52.20241210                +
saas-homework-service:1.0.70.20241210     +
saas-transfer-service:1.0.40.20241121
magnolia-author-backend:1.0.86.20241210   +
magnolia-public-backend:1.0.63.20241210   +



prd-deploy: 2024-12-02
============================================
magnolia-author-frontend:1.0.32.20241126
magnolia-public-frontend:3.0.0.20241127    +
sph-mobile:3.0.0.20241127                  +
saas-homework-service:1.0.66.20241127      +
saas-transfer-service:1.0.40.20241121
magnolia-author-backend:1.0.82.20241127    +
magnolia-public-backend:1.0.59.20241127    +



prd-deploy: 2024-11-21
============================================
magnolia-author-frontend:1.0.32.20241126
magnolia-public-frontend:1.0.85.20241122
sph-mobile:1.0.42.20241122
saas-homework-service:1.0.65.20241125
saas-transfer-service:1.0.40.20241121
magnolia-author-backend:1.0.81.20241125
magnolia-public-backend:1.0.58.20241125

