prd-image-repo
905418451605.dkr.ecr.ap-southeast-1.amazonaws.com/sph/

prd-deploy: 2024-12-
============================================
magnolia-author-frontend:
magnolia-public-frontend:
sph-mobile:
saas-homework-service:
saas-transfer-service:
magnolia-author-backend:
magnolia-public-backend:



prd-deploy: 2024-11-27
============================================
magnolia-author-frontend:1.0.32.20241126
magnolia-public-frontend:3.0.0.20241127    +
sph-mobile:3.0.0.20241127                  +
saas-homework-service:1.0.66.20241127      +
saas-transfer-service:1.0.40.20241121
magnolia-author-backend:1.0.82.20241127    +
magnolia-public-backend:1.0.59.20241127    +



prd-deploy: 2024-11-21
============================================
magnolia-author-frontend:1.0.32.20241126
magnolia-public-frontend:1.0.85.20241122
sph-mobile:1.0.42.20241122
saas-homework-service:1.0.65.20241125
saas-transfer-service:1.0.40.20241121
magnolia-author-backend:1.0.81.20241125
magnolia-public-backend:1.0.58.20241125

